C:\USERS\STUDENT\DESKTOP\PW_LAB1\PW_LAB1\BUILD\CMAKEFILES\GENERATE.STAMP
C:\USERS\STUDENT\DESKTOP\PW_LAB1\PW_LAB1\BUILD\DEBUG\LABORKA.EXE
C:\USERS\STUDENT\DESKTOP\PW_LAB1\PW_LAB1\BUILD\DEBUG\LABORKA.ILK
C:\USERS\STUDENT\DESKTOP\PW_LAB1\PW_LAB1\BUILD\DEBUG\LABORKA.PDB
C:\Users\student\Desktop\pw_lab1\pw_lab1\build\Laborka.dir\Debug\cl.command.1.tlog
C:\Users\student\Desktop\pw_lab1\pw_lab1\build\Laborka.dir\Debug\CL.read.1.tlog
C:\Users\student\Desktop\pw_lab1\pw_lab1\build\Laborka.dir\Debug\CL.write.1.tlog
C:\Users\student\Desktop\pw_lab1\pw_lab1\build\Laborka.dir\Debug\custombuild.command.1.tlog
C:\Users\student\Desktop\pw_lab1\pw_lab1\build\Laborka.dir\Debug\custombuild.read.1.tlog
C:\Users\student\Desktop\pw_lab1\pw_lab1\build\Laborka.dir\Debug\custombuild.write.1.tlog
C:\USERS\STUDENT\DESKTOP\PW_LAB1\PW_LAB1\BUILD\LABORKA.DIR\DEBUG\LABORKA.EXE.EMBED.MANIFEST
C:\USERS\STUDENT\DESKTOP\PW_LAB1\PW_LAB1\BUILD\LABORKA.DIR\DEBUG\LABORKA.EXE.EMBED.MANIFEST.RES
C:\USERS\STUDENT\DESKTOP\PW_LAB1\PW_LAB1\BUILD\LABORKA.DIR\DEBUG\LABORKA.EXE.INTERMEDIATE.MANIFEST
C:\Users\student\Desktop\pw_lab1\pw_lab1\build\Laborka.dir\Debug\Laborka.write.1.tlog
C:\Users\student\Desktop\pw_lab1\pw_lab1\build\Laborka.dir\Debug\Laborka_manifest.rc
C:\Users\student\Desktop\pw_lab1\pw_lab1\build\Laborka.dir\Debug\link.4612.read.1.tlog
C:\Users\student\Desktop\pw_lab1\pw_lab1\build\Laborka.dir\Debug\link.4612.write.1.tlog
C:\Users\student\Desktop\pw_lab1\pw_lab1\build\Laborka.dir\Debug\link.4612-cvtres.read.1.tlog
C:\Users\student\Desktop\pw_lab1\pw_lab1\build\Laborka.dir\Debug\link.4612-cvtres.write.1.tlog
C:\Users\student\Desktop\pw_lab1\pw_lab1\build\Laborka.dir\Debug\link.command.1.tlog
C:\Users\student\Desktop\pw_lab1\pw_lab1\build\Laborka.dir\Debug\link.read.1.tlog
C:\Users\student\Desktop\pw_lab1\pw_lab1\build\Laborka.dir\Debug\link.write.1.tlog
C:\Users\student\Desktop\pw_lab1\pw_lab1\build\Laborka.dir\Debug\link-cvtres.read.1.tlog
C:\Users\student\Desktop\pw_lab1\pw_lab1\build\Laborka.dir\Debug\link-cvtres.write.1.tlog
C:\USERS\STUDENT\DESKTOP\PW_LAB1\PW_LAB1\BUILD\LABORKA.DIR\DEBUG\MAIN.OBJ
C:\Users\student\Desktop\pw_lab1\pw_lab1\build\Laborka.dir\Debug\mt.command.1.tlog
C:\Users\student\Desktop\pw_lab1\pw_lab1\build\Laborka.dir\Debug\mt.read.1.tlog
C:\Users\student\Desktop\pw_lab1\pw_lab1\build\Laborka.dir\Debug\mt.write.1.tlog
C:\Users\student\Desktop\pw_lab1\pw_lab1\build\Laborka.dir\Debug\rc.command.1.tlog
C:\Users\student\Desktop\pw_lab1\pw_lab1\build\Laborka.dir\Debug\rc.read.1.tlog
C:\Users\student\Desktop\pw_lab1\pw_lab1\build\Laborka.dir\Debug\rc.write.1.tlog
C:\USERS\STUDENT\DESKTOP\PW_LAB1\PW_LAB1\BUILD\LABORKA.DIR\DEBUG\VC100.PDB
